New log file opened at Sat Jun 20 14:13:32 BRT 2015 by 16653@henrique-N56VM
jvm 16653@henrique-N56VM
jvm vmName=OpenJDK 64-Bit Server VM vmVendor=Oracle Corporation vmVersion=25.40-b13
jvm specName=Java Virtual Machine Specification specVendor=Oracle Corporation specVersion=1.8
jvm arguments: [-Xms256m, -Xmx1024m]
Starting event engine
Starting sbt command engine
Waiting for sbt command engine
Command engine arguments=List()
Command engine baseDirectory=/home/henrique/iPary-backEnd
Command engine initial remaining commands List(--initialize, onFailure load-failed, boot, server-send-ready-for-request, server-handle-next-server-request)
> --initialize
> initialize
> onFailure load-failed
> boot
> reload
[Loading] Scanning directory /home/henrique/iPary-backEnd/project
[Loading] Found non-root projects 
[Loading] Done in /home/henrique/iPary-backEnd/project, returning: ()
deducing auto plugins based on known facts Set(Atom(sbt.plugins.CorePlugin)) and clauses Clauses(List(Clause(Atom(sbt.plugins.JvmPlugin),Set(Atom(sbt.plugins.IvyPlugin))), Clause(Atom(sbt.plugins.JUnitXmlReportPlugin),Set(Atom(sbt.plugins.JvmPlugin))), Clause(Atom(sbt.plugins.CorePlugin),Set(Atom(sbt.plugins.IvyPlugin))), Clause(Atom(sbt.plugins.IvyPlugin),Set(Atom(sbt.plugins.JvmPlugin))), Clause(Atom(sbt.plugins.JvmPlugin),Set(Atom(sbt.plugins.JUnitXmlReportPlugin)))))
  :: deduced result: Matched(sbt.plugins.CorePlugin,sbt.plugins.IvyPlugin,sbt.plugins.JvmPlugin,sbt.plugins.JUnitXmlReportPlugin)
sorting: ns: List(sbt.plugins.CorePlugin, sbt.plugins.IvyPlugin, sbt.plugins.JvmPlugin, sbt.plugins.JUnitXmlReportPlugin)
  :: sorting:: found: List(sbt.plugins.CorePlugin) not found List(sbt.plugins.IvyPlugin, sbt.plugins.JvmPlugin, sbt.plugins.JUnitXmlReportPlugin)
  :: sorting:: found: List(sbt.plugins.CorePlugin, sbt.plugins.IvyPlugin) not found List(sbt.plugins.JvmPlugin, sbt.plugins.JUnitXmlReportPlugin)
  :: sorting:: found: List(sbt.plugins.CorePlugin, sbt.plugins.IvyPlugin, sbt.plugins.JvmPlugin) not found List(sbt.plugins.JUnitXmlReportPlugin)
  :: sorting:: found: List(sbt.plugins.CorePlugin, sbt.plugins.IvyPlugin, sbt.plugins.JvmPlugin, sbt.plugins.JUnitXmlReportPlugin) not found List()
  :: sorted deduced result: List(sbt.plugins.CorePlugin, sbt.plugins.IvyPlugin, sbt.plugins.JvmPlugin, sbt.plugins.JUnitXmlReportPlugin)
[Loading] Done in /home/henrique/iPary-backEnd/project, returning: (ipary-backend-build)
Loading project definition from /home/henrique/iPary-backEnd/project
Running task... Cancel: sbt.TaskCancellationStrategy$Null$@1413fc77, check cycles: false

Initial source changes: 
	removed:Set()
	added: Set()
	modified: Set()
Removed products: Set()
External API changes: API Changes: Set()
Modified binary dependencies: Set()
Initial directly invalidated sources: Set()

Sources indirectly invalidated by:
	product: Set()
	binary dep: Set()
	external source: Set()
All initially invalidated sources: Set()

Copy resource mappings: 
	
[Loading] Scanning directory /home/henrique/iPary-backEnd
[Loading] Found root project root w/ remaining 
deducing auto plugins based on known facts Set(Atom(play.PlayScala), Atom(sbt.plugins.CorePlugin)) and clauses Clauses(List(Clause(Atom(sbt.plugins.JvmPlugin),Set(Atom(sbt.plugins.IvyPlugin))), Clause(Atom(sbt.plugins.JUnitXmlReportPlugin),Set(Atom(sbt.plugins.JvmPlugin))), Clause(Atom(play.twirl.sbt.SbtTwirl),Set(Atom(sbt.plugins.JvmPlugin))), Clause(Atom(com.typesafe.sbt.jse.SbtJsEngine),Set(Atom(com.typesafe.sbt.web.SbtWeb))), Clause(Atom(com.typesafe.sbt.jse.SbtJsTask),Set(Atom(com.typesafe.sbt.jse.SbtJsEngine))), Clause(Atom(com.typesafe.sbt.webdriver.SbtWebDriver),Set(Atom(com.typesafe.sbt.web.SbtWeb))), Clause(Atom(com.typesafe.sbt.coffeescript.SbtCoffeeScript),Set(Atom(com.typesafe.sbt.jse.SbtJsTask))), Clause(Atom(com.typesafe.sbt.less.SbtLess),Set(Atom(com.typesafe.sbt.jse.SbtJsTask))), Clause(Atom(com.typesafe.sbt.jshint.SbtJSHint),Set(Atom(com.typesafe.sbt.jse.SbtJsTask))), Clause(Atom(com.typesafe.sbt.rjs.SbtRjs),Set(Atom(com.typesafe.sbt.jse.SbtJsTask))), Clause(Atom(com.typesafe.sbt.digest.SbtDigest),Set(Atom(com.typesafe.sbt.web.SbtWeb))), Clause(Atom(com.typesafe.sbt.mocha.SbtMocha),Set(Atom(com.typesafe.sbt.jse.SbtJsTask))), Clause(Atom(play.sbt.forkrun.PlayForkRun),Set(Atom(sbt.plugins.BackgroundRunPlugin))), Clause(Atom(play.sbt.forkrun.PlayForkRun),Set(Atom(play.Play))), Clause(Atom(play.sbt.forkrun.PlayForkRun),Set(Atom(sbt.plugins.SerializersPlugin))), Clause(Atom(play.Play),Set(Atom(com.typesafe.sbt.webdriver.SbtWebDriver))), Clause(Atom(play.Play),Set(Atom(play.twirl.sbt.SbtTwirl))), Clause(Atom(play.Play),Set(Atom(com.typesafe.sbt.jse.SbtJsTask))), Clause(Atom(play.PlayJava),Set(Atom(play.Play))), Clause(Atom(play.PlayScala),Set(Atom(play.Play))), Clause(Atom(sbt.plugins.BackgroundRunPlugin),Set(Atom(sbt.plugins.JvmPlugin))), Clause(Atom(sbt.plugins.CorePlugin),Set(Atom(sbt.plugins.IvyPlugin))), Clause(Atom(sbt.plugins.IvyPlugin),Set(Atom(sbt.plugins.JvmPlugin))), Clause(Atom(sbt.plugins.JvmPlugin),Set(Atom(sbt.plugins.JUnitXmlReportPlugin))), Clause(Atom(com.typesafe.sbt.web.SbtWeb),Set(Atom(com.typesafe.sbt.jse.SbtJsEngine))), Clause(Atom(com.typesafe.sbt.jse.SbtJsEngine),Set(Atom(com.typesafe.sbt.jse.SbtJsTask))), Clause(Atom(com.typesafe.sbt.web.SbtWeb),Set(Atom(com.typesafe.sbt.webdriver.SbtWebDriver))), Clause(Atom(com.typesafe.sbt.jse.SbtJsTask),Set(Atom(com.typesafe.sbt.coffeescript.SbtCoffeeScript))), Clause(Atom(com.typesafe.sbt.jse.SbtJsTask),Set(Atom(com.typesafe.sbt.less.SbtLess))), Clause(Atom(com.typesafe.sbt.jse.SbtJsTask),Set(Atom(com.typesafe.sbt.jshint.SbtJSHint))), Clause(Atom(com.typesafe.sbt.jse.SbtJsTask),Set(Atom(com.typesafe.sbt.rjs.SbtRjs))), Clause(Atom(com.typesafe.sbt.web.SbtWeb),Set(Atom(com.typesafe.sbt.digest.SbtDigest))), Clause(Atom(com.typesafe.sbt.jse.SbtJsTask),Set(Atom(com.typesafe.sbt.mocha.SbtMocha))), Clause(And(Set(Atom(sbt.plugins.BackgroundRunPlugin), Atom(play.Play), Atom(sbt.plugins.SerializersPlugin))),Set(Atom(play.sbt.forkrun.PlayForkRun))), Clause(Atom(sbt.plugins.JvmPlugin),Set(Atom(sbt.plugins.BackgroundRunPlugin))), Clause(Atom(sbt.plugins.CorePlugin),Set(Atom(sbt.plugins.InteractionServicePlugin))), Clause(Atom(sbt.plugins.CorePlugin),Set(Atom(sbt.plugins.SendEventServicePlugin))), Clause(Atom(sbt.plugins.CorePlugin),Set(Atom(sbt.plugins.SerializersPlugin)))))
  :: deduced result: Matched(sbt.plugins.CorePlugin,play.PlayScala,sbt.plugins.InteractionServicePlugin,sbt.plugins.SendEventServicePlugin,play.Play,sbt.plugins.SerializersPlugin,sbt.plugins.IvyPlugin,sbt.plugins.JvmPlugin,com.typesafe.sbt.jse.SbtJsTask,play.twirl.sbt.SbtTwirl,com.typesafe.sbt.webdriver.SbtWebDriver,com.typesafe.sbt.jshint.SbtJSHint,sbt.plugins.JUnitXmlReportPlugin,com.typesafe.sbt.mocha.SbtMocha,com.typesafe.sbt.less.SbtLess,com.typesafe.sbt.web.SbtWeb,com.typesafe.sbt.rjs.SbtRjs,com.typesafe.sbt.jse.SbtJsEngine,com.typesafe.sbt.coffeescript.SbtCoffeeScript,sbt.plugins.BackgroundRunPlugin,play.sbt.forkrun.PlayForkRun,com.typesafe.sbt.digest.SbtDigest)
sorting: ns: List(sbt.plugins.CorePlugin, play.PlayScala, sbt.plugins.InteractionServicePlugin, sbt.plugins.SendEventServicePlugin, play.Play, sbt.plugins.SerializersPlugin, sbt.plugins.IvyPlugin, sbt.plugins.JvmPlugin, com.typesafe.sbt.jse.SbtJsTask, play.twirl.sbt.SbtTwirl, com.typesafe.sbt.webdriver.SbtWebDriver, com.typesafe.sbt.jshint.SbtJSHint, sbt.plugins.JUnitXmlReportPlugin, com.typesafe.sbt.mocha.SbtMocha, com.typesafe.sbt.less.SbtLess, com.typesafe.sbt.web.SbtWeb, com.typesafe.sbt.rjs.SbtRjs, com.typesafe.sbt.jse.SbtJsEngine, com.typesafe.sbt.coffeescript.SbtCoffeeScript, sbt.plugins.BackgroundRunPlugin, play.sbt.forkrun.PlayForkRun, com.typesafe.sbt.digest.SbtDigest)
  :: sorting:: found: List(sbt.plugins.CorePlugin, com.typesafe.sbt.web.SbtWeb) not found List(play.PlayScala, sbt.plugins.InteractionServicePlugin, sbt.plugins.SendEventServicePlugin, play.Play, sbt.plugins.SerializersPlugin, sbt.plugins.IvyPlugin, sbt.plugins.JvmPlugin, com.typesafe.sbt.jse.SbtJsTask, play.twirl.sbt.SbtTwirl, com.typesafe.sbt.webdriver.SbtWebDriver, com.typesafe.sbt.jshint.SbtJSHint, sbt.plugins.JUnitXmlReportPlugin, com.typesafe.sbt.mocha.SbtMocha, com.typesafe.sbt.less.SbtLess, com.typesafe.sbt.rjs.SbtRjs, com.typesafe.sbt.jse.SbtJsEngine, com.typesafe.sbt.coffeescript.SbtCoffeeScript, sbt.plugins.BackgroundRunPlugin, play.sbt.forkrun.PlayForkRun, com.typesafe.sbt.digest.SbtDigest)
  :: sorting:: found: List(sbt.plugins.CorePlugin, com.typesafe.sbt.web.SbtWeb, sbt.plugins.InteractionServicePlugin, sbt.plugins.SendEventServicePlugin, sbt.plugins.SerializersPlugin, sbt.plugins.IvyPlugin, com.typesafe.sbt.webdriver.SbtWebDriver, com.typesafe.sbt.jse.SbtJsEngine, com.typesafe.sbt.digest.SbtDigest) not found List(play.PlayScala, play.Play, sbt.plugins.JvmPlugin, com.typesafe.sbt.jse.SbtJsTask, play.twirl.sbt.SbtTwirl, com.typesafe.sbt.jshint.SbtJSHint, sbt.plugins.JUnitXmlReportPlugin, com.typesafe.sbt.mocha.SbtMocha, com.typesafe.sbt.less.SbtLess, com.typesafe.sbt.rjs.SbtRjs, com.typesafe.sbt.coffeescript.SbtCoffeeScript, sbt.plugins.BackgroundRunPlugin, play.sbt.forkrun.PlayForkRun)
  :: sorting:: found: List(sbt.plugins.CorePlugin, com.typesafe.sbt.web.SbtWeb, sbt.plugins.InteractionServicePlugin, sbt.plugins.SendEventServicePlugin, sbt.plugins.SerializersPlugin, sbt.plugins.IvyPlugin, com.typesafe.sbt.webdriver.SbtWebDriver, com.typesafe.sbt.jse.SbtJsEngine, com.typesafe.sbt.digest.SbtDigest, sbt.plugins.JvmPlugin, com.typesafe.sbt.jse.SbtJsTask) not found List(play.PlayScala, play.Play, play.twirl.sbt.SbtTwirl, com.typesafe.sbt.jshint.SbtJSHint, sbt.plugins.JUnitXmlReportPlugin, com.typesafe.sbt.mocha.SbtMocha, com.typesafe.sbt.less.SbtLess, com.typesafe.sbt.rjs.SbtRjs, com.typesafe.sbt.coffeescript.SbtCoffeeScript, sbt.plugins.BackgroundRunPlugin, play.sbt.forkrun.PlayForkRun)
  :: sorting:: found: List(sbt.plugins.CorePlugin, com.typesafe.sbt.web.SbtWeb, sbt.plugins.InteractionServicePlugin, sbt.plugins.SendEventServicePlugin, sbt.plugins.SerializersPlugin, sbt.plugins.IvyPlugin, com.typesafe.sbt.webdriver.SbtWebDriver, com.typesafe.sbt.jse.SbtJsEngine, com.typesafe.sbt.digest.SbtDigest, sbt.plugins.JvmPlugin, com.typesafe.sbt.jse.SbtJsTask, play.twirl.sbt.SbtTwirl, com.typesafe.sbt.jshint.SbtJSHint, sbt.plugins.JUnitXmlReportPlugin, com.typesafe.sbt.mocha.SbtMocha, com.typesafe.sbt.less.SbtLess, com.typesafe.sbt.rjs.SbtRjs, com.typesafe.sbt.coffeescript.SbtCoffeeScript, sbt.plugins.BackgroundRunPlugin) not found List(play.PlayScala, play.Play, play.sbt.forkrun.PlayForkRun)
  :: sorting:: found: List(sbt.plugins.CorePlugin, com.typesafe.sbt.web.SbtWeb, sbt.plugins.InteractionServicePlugin, sbt.plugins.SendEventServicePlugin, sbt.plugins.SerializersPlugin, sbt.plugins.IvyPlugin, com.typesafe.sbt.webdriver.SbtWebDriver, com.typesafe.sbt.jse.SbtJsEngine, com.typesafe.sbt.digest.SbtDigest, sbt.plugins.JvmPlugin, com.typesafe.sbt.jse.SbtJsTask, play.twirl.sbt.SbtTwirl, com.typesafe.sbt.jshint.SbtJSHint, sbt.plugins.JUnitXmlReportPlugin, com.typesafe.sbt.mocha.SbtMocha, com.typesafe.sbt.less.SbtLess, com.typesafe.sbt.rjs.SbtRjs, com.typesafe.sbt.coffeescript.SbtCoffeeScript, sbt.plugins.BackgroundRunPlugin, play.Play) not found List(play.PlayScala, play.sbt.forkrun.PlayForkRun)
  :: sorting:: found: List(sbt.plugins.CorePlugin, com.typesafe.sbt.web.SbtWeb, sbt.plugins.InteractionServicePlugin, sbt.plugins.SendEventServicePlugin, sbt.plugins.SerializersPlugin, sbt.plugins.IvyPlugin, com.typesafe.sbt.webdriver.SbtWebDriver, com.typesafe.sbt.jse.SbtJsEngine, com.typesafe.sbt.digest.SbtDigest, sbt.plugins.JvmPlugin, com.typesafe.sbt.jse.SbtJsTask, play.twirl.sbt.SbtTwirl, com.typesafe.sbt.jshint.SbtJSHint, sbt.plugins.JUnitXmlReportPlugin, com.typesafe.sbt.mocha.SbtMocha, com.typesafe.sbt.less.SbtLess, com.typesafe.sbt.rjs.SbtRjs, com.typesafe.sbt.coffeescript.SbtCoffeeScript, sbt.plugins.BackgroundRunPlugin, play.Play, play.PlayScala, play.sbt.forkrun.PlayForkRun) not found List()
  :: sorted deduced result: List(sbt.plugins.CorePlugin, com.typesafe.sbt.web.SbtWeb, sbt.plugins.InteractionServicePlugin, sbt.plugins.SendEventServicePlugin, sbt.plugins.SerializersPlugin, sbt.plugins.IvyPlugin, com.typesafe.sbt.webdriver.SbtWebDriver, com.typesafe.sbt.jse.SbtJsEngine, com.typesafe.sbt.digest.SbtDigest, sbt.plugins.JvmPlugin, com.typesafe.sbt.jse.SbtJsTask, play.twirl.sbt.SbtTwirl, com.typesafe.sbt.jshint.SbtJSHint, sbt.plugins.JUnitXmlReportPlugin, com.typesafe.sbt.mocha.SbtMocha, com.typesafe.sbt.less.SbtLess, com.typesafe.sbt.rjs.SbtRjs, com.typesafe.sbt.coffeescript.SbtCoffeeScript, sbt.plugins.BackgroundRunPlugin, play.Play, play.PlayScala, play.sbt.forkrun.PlayForkRun)
[Loading] Done in /home/henrique/iPary-backEnd, returning: (root)
Set current project to play-heroku-seed (in build file:/home/henrique/iPary-backEnd/)
Reapplying settings...
Set current project to play-heroku-seed (in build file:/home/henrique/iPary-backEnd/)
> iflast shell
> server-send-ready-for-request
> server-handle-next-server-request
> {file:/home/henrique/iPary-backEnd/}root/compile:discoveredMainClasses
Evaluating tasks: compile:discoveredMainClasses
Running task... Cancel: sbt.server.ServerTaskCancellation@2e210ad2, check cycles: false

Initial source changes: 
	removed:Set()
	added: Set()
	modified: Set()
Removed products: Set()
External API changes: API Changes: Set()
Modified binary dependencies: Set()
Initial directly invalidated sources: Set()

Sources indirectly invalidated by:
	product: Set()
	binary dep: Set()
	external source: Set()
All initially invalidated sources: Set()

Total time: 1 s, completed Jun 20, 2015 2:13:39 PM
> server-post-command-cleanup
> server-handle-next-server-request
> {file:/home/henrique/iPary-backEnd/}root/compile:mainClass
Evaluating tasks: compile:mainClass
Running task... Cancel: sbt.server.ServerTaskCancellation@1861fafd, check cycles: false
Total time: 0 s, completed Jun 20, 2015 2:13:39 PM
> server-post-command-cleanup
> server-handle-next-server-request
> {file:/home/henrique/iPary-backEnd/}root/compile:discoveredMainClasses
Evaluating tasks: compile:discoveredMainClasses
Running task... Cancel: sbt.server.ServerTaskCancellation@2c2df93, check cycles: false

Initial source changes: 
	removed:Set()
	added: Set()
	modified: Set()
Removed products: Set()
External API changes: API Changes: Set()
Modified binary dependencies: Set()
Initial directly invalidated sources: Set()

Sources indirectly invalidated by:
	product: Set()
	binary dep: Set()
	external source: Set()
All initially invalidated sources: Set()

Total time: 0 s, completed Jun 20, 2015 2:13:39 PM
> server-post-command-cleanup
> server-handle-next-server-request
> {file:/home/henrique/iPary-backEnd/}root/compile:mainClass
Evaluating tasks: compile:mainClass
Running task... Cancel: sbt.server.ServerTaskCancellation@76719e4b, check cycles: false
Total time: 0 s, completed Jun 20, 2015 2:13:39 PM
> server-post-command-cleanup
> server-handle-next-server-request
> eclipse
About to create Eclipse project files for your project(s).
Running task... Cancel: sbt.TaskCancellationStrategy$Null$@1413fc77, check cycles: false
Running task... Cancel: sbt.TaskCancellationStrategy$Null$@1413fc77, check cycles: false
External dependencies for configuration 'test' and withSource 'false' and withJavadoc 'false' and withBundledScalaContainers'true': Success(List(Lib(/home/henrique/.ivy2/cache/org.scala-lang/scala-library/jars/scala-library-2.11.1.jar), Lib(/home/henrique/.ivy2/cache/com.typesafe.play/twirl-api_2.11/jars/twirl-api_2.11-1.0.2.jar), Lib(/home/henrique/.ivy2/cache/org.apache.commons/commons-lang3/jars/commons-lang3-3.1.jar), Lib(/home/henrique/.ivy2/cache/org.scala-lang.modules/scala-xml_2.11/bundles/scala-xml_2.11-1.0.1.jar), Lib(/home/henrique/.ivy2/cache/com.typesafe.play/play_2.11/jars/play_2.11-2.3.8.jar), Lib(/home/henrique/.ivy2/cache/com.typesafe.play/build-link/jars/build-link-2.3.8.jar), Lib(/home/henrique/.ivy2/cache/com.typesafe.play/play-exceptions/jars/play-exceptions-2.3.8.jar), Lib(/home/henrique/.ivy2/cache/org.javassist/javassist/bundles/javassist-3.18.2-GA.jar), Lib(/home/henrique/.ivy2/cache/com.typesafe.play/play-iteratees_2.11/jars/play-iteratees_2.11-2.3.8.jar), Lib(/home/henrique/.ivy2/cache/org.scala-stm/scala-stm_2.11/jars/scala-stm_2.11-0.7.jar), Lib(/home/henrique/.ivy2/cache/com.typesafe/config/bundles/config-1.2.1.jar), Lib(/home/henrique/.ivy2/cache/com.typesafe.play/play-json_2.11/jars/play-json_2.11-2.3.8.jar), Lib(/home/henrique/.ivy2/cache/com.typesafe.play/play-functional_2.11/jars/play-functional_2.11-2.3.8.jar), Lib(/home/henrique/.ivy2/cache/com.typesafe.play/play-datacommons_2.11/jars/play-datacommons_2.11-2.3.8.jar), Lib(/home/henrique/.ivy2/cache/joda-time/joda-time/jars/joda-time-2.3.jar), Lib(/home/henrique/.ivy2/cache/org.joda/joda-convert/jars/joda-convert-1.6.jar), Lib(/home/henrique/.ivy2/cache/com.fasterxml.jackson.core/jackson-annotations/bundles/jackson-annotations-2.3.2.jar), Lib(/home/henrique/.ivy2/cache/com.fasterxml.jackson.core/jackson-core/bundles/jackson-core-2.3.2.jar), Lib(/home/henrique/.ivy2/cache/com.fasterxml.jackson.core/jackson-databind/bundles/jackson-databind-2.3.2.jar), Lib(/home/henrique/.ivy2/cache/org.scala-lang/scala-reflect/jars/scala-reflect-2.11.1.jar), Lib(/home/henrique/.ivy2/cache/org.scala-lang.modules/scala-parser-combinators_2.11/bundles/scala-parser-combinators_2.11-1.0.1.jar), Lib(/home/henrique/.ivy2/cache/io.netty/netty/bundles/netty-3.9.3.Final.jar), Lib(/home/henrique/.ivy2/cache/com.typesafe.netty/netty-http-pipelining/jars/netty-http-pipelining-1.1.2.jar), Lib(/home/henrique/.ivy2/cache/org.slf4j/slf4j-api/jars/slf4j-api-1.7.6.jar), Lib(/home/henrique/.ivy2/cache/org.slf4j/jul-to-slf4j/jars/jul-to-slf4j-1.7.6.jar), Lib(/home/henrique/.ivy2/cache/org.slf4j/jcl-over-slf4j/jars/jcl-over-slf4j-1.7.6.jar), Lib(/home/henrique/.ivy2/cache/ch.qos.logback/logback-core/jars/logback-core-1.1.1.jar), Lib(/home/henrique/.ivy2/cache/ch.qos.logback/logback-classic/jars/logback-classic-1.1.1.jar), Lib(/home/henrique/.ivy2/cache/com.typesafe.akka/akka-actor_2.11/jars/akka-actor_2.11-2.3.4.jar), Lib(/home/henrique/.ivy2/cache/com.typesafe.akka/akka-slf4j_2.11/jars/akka-slf4j_2.11-2.3.4.jar), Lib(/home/henrique/.ivy2/cache/commons-codec/commons-codec/jars/commons-codec-1.9.jar), Lib(/home/henrique/.ivy2/cache/xerces/xercesImpl/jars/xercesImpl-2.11.0.jar), Lib(/home/henrique/.ivy2/cache/xml-apis/xml-apis/jars/xml-apis-1.4.01.jar), Lib(/home/henrique/.ivy2/cache/javax.transaction/jta/jars/jta-1.1.jar), Lib(/home/henrique/Downloads/activator-1.3.2/repository/com.typesafe.play/play-jdbc_2.11/2.3.8/jars/play-jdbc_2.11.jar), Lib(/home/henrique/.ivy2/cache/com.jolbox/bonecp/bundles/bonecp-0.8.0.RELEASE.jar), Lib(/home/henrique/.ivy2/cache/com.h2database/h2/jars/h2-1.3.175.jar), Lib(/home/henrique/.ivy2/cache/tyrex/tyrex/jars/tyrex-1.0.1.jar), Lib(/home/henrique/Downloads/activator-1.3.2/repository/com.typesafe.play/anorm_2.11/2.3.8/jars/anorm_2.11.jar), Lib(/home/henrique/.ivy2/cache/com.jsuereth/scala-arm_2.11/jars/scala-arm_2.11-1.4.jar), Lib(/home/henrique/.ivy2/cache/org.scala-lang.plugins/scala-continuations-library_2.11/bundles/scala-continuations-library_2.11-1.0.1.jar), Lib(/home/henrique/Downloads/activator-1.3.2/repository/com.typesafe.play/play-cache_2.11/2.3.8/jars/play-cache_2.11.jar), Lib(/home/henrique/.ivy2/cache/net.sf.ehcache/ehcache-core/jars/ehcache-core-2.6.8.jar), Lib(/home/henrique/.ivy2/cache/com.typesafe.play/play-ws_2.11/jars/play-ws_2.11-2.3.8.jar), Lib(/home/henrique/.ivy2/cache/com.google.guava/guava/bundles/guava-16.0.1.jar), Lib(/home/henrique/.ivy2/cache/com.ning/async-http-client/jars/async-http-client-1.8.15.jar), Lib(/home/henrique/.ivy2/cache/oauth.signpost/signpost-core/jars/signpost-core-1.2.1.2.jar), Lib(/home/henrique/.ivy2/cache/oauth.signpost/signpost-commonshttp4/jars/signpost-commonshttp4-1.2.1.2.jar), Lib(/home/henrique/Downloads/activator-1.3.2/repository/com.typesafe.slick/slick_2.11/2.1.0/bundles/slick_2.11.jar), Lib(/home/henrique/.ivy2/cache/com.typesafe.play/play-slick_2.11/jars/play-slick_2.11-0.8.0.jar), Lib(/home/henrique/.ivy2/cache/javax.servlet/javax.servlet-api/jars/javax.servlet-api-3.0.1.jar), Lib(/home/henrique/Downloads/activator-1.3.2/repository/org.reflections/reflections/0.9.8/jars/reflections.jar), Lib(/home/henrique/Downloads/activator-1.3.2/repository/dom4j/dom4j/1.6.1/jars/dom4j.jar), Lib(/home/henrique/.ivy2/cache/org.postgresql/postgresql/jars/postgresql-9.3-1102-jdbc4.jar), Lib(/home/henrique/Downloads/activator-1.3.2/repository/com.typesafe.play/play-test_2.11/2.3.8/jars/play-test_2.11.jar), Lib(/home/henrique/.ivy2/cache/junit/junit/jars/junit-4.11.jar), Lib(/home/henrique/.ivy2/cache/org.hamcrest/hamcrest-core/jars/hamcrest-core-1.3.jar), Lib(/home/henrique/.ivy2/cache/org.specs2/specs2-core_2.11/jars/specs2-core_2.11-2.3.12.jar), Lib(/home/henrique/.ivy2/cache/org.specs2/specs2-matcher_2.11/jars/specs2-matcher_2.11-2.3.12.jar), Lib(/home/henrique/.ivy2/cache/org.specs2/specs2-common_2.11/jars/specs2-common_2.11-2.3.12.jar), Lib(/home/henrique/.ivy2/cache/org.scalaz/scalaz-core_2.11/bundles/scalaz-core_2.11-7.0.6.jar), Lib(/home/henrique/.ivy2/cache/org.scalaz/scalaz-concurrent_2.11/bundles/scalaz-concurrent_2.11-7.0.6.jar), Lib(/home/henrique/.ivy2/cache/org.scalaz/scalaz-effect_2.11/bundles/scalaz-effect_2.11-7.0.6.jar), Lib(/home/henrique/.ivy2/cache/org.specs2/specs2-junit_2.11/jars/specs2-junit_2.11-2.3.12.jar), Lib(/home/henrique/.ivy2/cache/org.specs2/specs2-mock_2.11/jars/specs2-mock_2.11-2.3.12.jar), Lib(/home/henrique/.ivy2/cache/org.mockito/mockito-core/jars/mockito-core-1.9.5.jar), Lib(/home/henrique/.ivy2/cache/org.objenesis/objenesis/jars/objenesis-1.0.jar), Lib(/home/henrique/.ivy2/cache/org.specs2/specs2-matcher-extra_2.11/jars/specs2-matcher-extra_2.11-2.3.12.jar), Lib(/home/henrique/.ivy2/cache/org.specs2/specs2-analysis_2.11/jars/specs2-analysis_2.11-2.3.12.jar), Lib(/home/henrique/Downloads/activator-1.3.2/repository/org.scala-lang/scala-compiler/2.11.0/jars/scala-compiler.jar), Lib(/home/henrique/.ivy2/cache/org.specs2/classycle/jars/classycle-1.4.3.jar), Lib(/home/henrique/.ivy2/cache/com.novocode/junit-interface/jars/junit-interface-0.11-RC1.jar), Lib(/home/henrique/.ivy2/cache/org.scala-sbt/test-interface/jars/test-interface-1.0.jar), Lib(/home/henrique/.ivy2/cache/com.google.code.findbugs/jsr305/jars/jsr305-2.0.3.jar), Lib(/home/henrique/.ivy2/cache/org.fluentlenium/fluentlenium-festassert/jars/fluentlenium-festassert-0.9.2.jar), Lib(/home/henrique/.ivy2/cache/org.fluentlenium/fluentlenium-core/jars/fluentlenium-core-0.9.2.jar), Lib(/home/henrique/.ivy2/cache/org.seleniumhq.selenium/selenium-java/jars/selenium-java-2.39.0.jar), Lib(/home/henrique/.ivy2/cache/org.seleniumhq.selenium/selenium-android-driver/jars/selenium-android-driver-2.39.0.jar), Lib(/home/henrique/.ivy2/cache/org.seleniumhq.selenium/selenium-remote-driver/jars/selenium-remote-driver-2.39.0.jar), Lib(/home/henrique/.ivy2/cache/cglib/cglib-nodep/jars/cglib-nodep-2.1_3.jar), Lib(/home/henrique/.ivy2/cache/org.json/json/jars/json-20080701.jar), Lib(/home/henrique/.ivy2/cache/org.seleniumhq.selenium/selenium-api/jars/selenium-api-2.39.0.jar), Lib(/home/henrique/Downloads/activator-1.3.2/repository/org.apache.httpcomponents/httpclient/4.3.1/jars/httpclient.jar), Lib(/home/henrique/Downloads/activator-1.3.2/repository/org.apache.httpcomponents/httpcore/4.3/jars/httpcore.jar), Lib(/home/henrique/.ivy2/cache/commons-logging/commons-logging/jars/commons-logging-1.1.3.jar), Lib(/home/henrique/.ivy2/cache/org.apache.commons/commons-exec/jars/commons-exec-1.1.jar), Lib(/home/henrique/.ivy2/cache/net.java.dev.jna/jna/jars/jna-3.4.0.jar), Lib(/home/henrique/.ivy2/cache/net.java.dev.jna/platform/jars/platform-3.4.0.jar), Lib(/home/henrique/.ivy2/cache/org.seleniumhq.selenium/selenium-chrome-driver/jars/selenium-chrome-driver-2.39.0.jar), Lib(/home/henrique/.ivy2/cache/org.seleniumhq.selenium/selenium-htmlunit-driver/jars/selenium-htmlunit-driver-2.39.0.jar), Lib(/home/henrique/.ivy2/cache/net.sourceforge.htmlunit/htmlunit/jars/htmlunit-2.13.jar), Lib(/home/henrique/.ivy2/cache/xalan/xalan/jars/xalan-2.7.1.jar), Lib(/home/henrique/.ivy2/cache/xalan/serializer/jars/serializer-2.7.1.jar), Lib(/home/henrique/.ivy2/cache/commons-collections/commons-collections/jars/commons-collections-3.2.1.jar), Lib(/home/henrique/.ivy2/cache/org.apache.httpcomponents/httpmime/jars/httpmime-4.3.1.jar), Lib(/home/henrique/.ivy2/cache/net.sourceforge.htmlunit/htmlunit-core-js/jars/htmlunit-core-js-2.13.jar), Lib(/home/henrique/.ivy2/cache/net.sourceforge.nekohtml/nekohtml/jars/nekohtml-1.9.19.jar), Lib(/home/henrique/.ivy2/cache/net.sourceforge.cssparser/cssparser/jars/cssparser-0.9.11.jar), Lib(/home/henrique/.ivy2/cache/org.w3c.css/sac/jars/sac-1.3.jar), Lib(/home/henrique/.ivy2/cache/commons-io/commons-io/jars/commons-io-2.2.jar), Lib(/home/henrique/.ivy2/cache/org.eclipse.jetty/jetty-websocket/jars/jetty-websocket-8.1.12.v20130726.jar), Lib(/home/henrique/.ivy2/cache/org.eclipse.jetty/jetty-util/jars/jetty-util-8.1.12.v20130726.jar), Lib(/home/henrique/.ivy2/cache/org.eclipse.jetty/jetty-io/jars/jetty-io-8.1.12.v20130726.jar), Lib(/home/henrique/.ivy2/cache/org.eclipse.jetty/jetty-http/jars/jetty-http-8.1.12.v20130726.jar), Lib(/home/henrique/.ivy2/cache/org.seleniumhq.selenium/selenium-firefox-driver/jars/selenium-firefox-driver-2.39.0.jar), Lib(/home/henrique/.ivy2/cache/org.seleniumhq.selenium/selenium-ie-driver/jars/selenium-ie-driver-2.39.0.jar), Lib(/home/henrique/.ivy2/cache/org.seleniumhq.selenium/selenium-iphone-driver/jars/selenium-iphone-driver-2.39.0.jar), Lib(/home/henrique/.ivy2/cache/org.seleniumhq.selenium/selenium-safari-driver/jars/selenium-safari-driver-2.39.0.jar), Lib(/home/henrique/.ivy2/cache/org.webbitserver/webbit/jars/webbit-0.4.14.jar), Lib(/home/henrique/.ivy2/cache/org.seleniumhq.selenium/selenium-support/jars/selenium-support-2.39.0.jar), Lib(/home/henrique/.ivy2/cache/org.easytesting/fest-assert/jars/fest-assert-1.4.jar), Lib(/home/henrique/.ivy2/cache/org.easytesting/fest-util/jars/fest-util-1.1.6.jar)))
Project dependencies for configuration 'compile': Success(List())
Project dependencies for configuration 'test': Success(List())
Running task... Cancel: sbt.TaskCancellationStrategy$Null$@1413fc77, check cycles: false

Initial source changes: 
	removed:Set()
	added: Set()
	modified: Set()
Removed products: Set()
External API changes: API Changes: Set()
Modified binary dependencies: Set()
Initial directly invalidated sources: Set()

Sources indirectly invalidated by:
	product: Set()
	binary dep: Set()
	external source: Set()
All initially invalidated sources: Set()

Successfully created Eclipse project files for project(s):
play-heroku-seed
> server-post-command-cleanup
> server-handle-next-server-request
